  Using 'git status' to determine working set for adaptive non-unity build (C:\Users\yajun\Documents\Unreal Projects\Warrior).
  Parsing headers for WarriorEditor
    Running UnrealHeaderTool "C:\Users\yajun\Documents\Unreal Projects\Warrior\Warrior\Warrior.uproject" "C:\Users\yajun\Documents\Unreal Projects\Warrior\Warrior\Intermediate\Build\Win64\WarriorEditor\Development\WarriorEditor.uhtmanifest" -LogCmds="loginit warning, logexit warning, logdatabase error" -Unattended -WarningsAsErrors -abslog="C:\Users\yajun\AppData\Local\UnrealBuildTool\Log_UHT.txt" -installed
  Reflection code generated for WarriorEditor in 4.8071136 seconds
  Building WarriorEditor...
  Using Visual Studio 2019 14.28.29910 toolchain (C:\Program Files (x86)\Microsoft Visual Studio\2019\Community\VC\Tools\MSVC\14.28.29910) and Windows 10.0.18362.0 SDK (C:\Program Files (x86)\Windows Kits\10).
  Building 15 actions with 12 processes...
    [1/15] UE4Editor-ArenaBattleSetting-0064.lib
       C:\Users\yajun\Documents\Unreal Projects\Warrior\Warrior\Intermediate\Build\Win64\UE4Editor\Development\ArenaBattleSetting\UE4Editor-ArenaBattleSetting-0064.lib 라이브러리 및 C:\Users\yajun\Documents\Unreal Projects\Warrior\Warrior\Intermediate\Build\Win64\UE4Editor\Development\ArenaBattleSetting\UE4Editor-ArenaBattleSetting-0064.exp 개체를 생성하고 있습니다.
    [2/15] UE4Editor-ArenaBattleSetting-0064.dll
       C:\Users\yajun\Documents\Unreal Projects\Warrior\Warrior\Intermediate\Build\Win64\UE4Editor\Development\ArenaBattleSetting\UE4Editor-ArenaBattleSetting-0064.suppressed.lib 라이브러리 및 C:\Users\yajun\Documents\Unreal Projects\Warrior\Warrior\Intermediate\Build\Win64\UE4Editor\Development\ArenaBattleSetting\UE4Editor-ArenaBattleSetting-0064.suppressed.exp 개체를 생성하고 있습니다.
    [3/15] Warrior.init.gen.cpp
    [4/15] W_GameMode.cpp
    [5/15] W_Character.gen.cpp
    [6/15] W_AnimInstance.cpp
    [7/15] W_ItemBox.cpp
    [8/15] BTTask_Attack.cpp
    [9/15] BTDecorator_IsInAttackRange.cpp
    [10/15] BTTask_TurnToTarget.cpp
    [11/15] BTService_Detect.cpp
    [12/15] W_Character.cpp
    [13/15] UE4Editor-Warrior-0064.lib
       C:\Users\yajun\Documents\Unreal Projects\Warrior\Warrior\Intermediate\Build\Win64\UE4Editor\Development\Warrior\UE4Editor-Warrior-0064.lib 라이브러리 및 C:\Users\yajun\Documents\Unreal Projects\Warrior\Warrior\Intermediate\Build\Win64\UE4Editor\Development\Warrior\UE4Editor-Warrior-0064.exp 개체를 생성하고 있습니다.
    [14/15] UE4Editor-Warrior-0064.dll
       C:\Users\yajun\Documents\Unreal Projects\Warrior\Warrior\Intermediate\Build\Win64\UE4Editor\Development\Warrior\UE4Editor-Warrior-0064.suppressed.lib 라이브러리 및 C:\Users\yajun\Documents\Unreal Projects\Warrior\Warrior\Intermediate\Build\Win64\UE4Editor\Development\Warrior\UE4Editor-Warrior-0064.suppressed.exp 개체를 생성하고 있습니다.
    [15/15] WarriorEditor.target
  Total time in Parallel executor: 10.20 seconds
  Total execution time: 16.22 seconds
